Determining if the pthread_create exist failed with the following output:
Change Dir: /home/ratouney/RatLib/cmake-build-debug/CMakeFiles/CMakeTmp

Run Build Command:"/usr/bin/make" "cmTC_daef1/fast"
/usr/bin/make -f CMakeFiles/cmTC_daef1.dir/build.make CMakeFiles/cmTC_daef1.dir/build
make[1]: Entering directory '/home/ratouney/RatLib/cmake-build-debug/CMakeFiles/CMakeTmp'
Building C object CMakeFiles/cmTC_daef1.dir/CheckSymbolExists.c.o
/usr/bin/cc    -o CMakeFiles/cmTC_daef1.dir/CheckSymbolExists.c.o   -c /home/ratouney/RatLib/cmake-build-debug/CMakeFiles/CMakeTmp/CheckSymbolExists.c
Linking C executable cmTC_daef1
/home/ratouney/Downloads/clion-2018.1.6/bin/cmake/bin/cmake -E cmake_link_script CMakeFiles/cmTC_daef1.dir/link.txt --verbose=1
/usr/bin/cc      CMakeFiles/cmTC_daef1.dir/CheckSymbolExists.c.o  -o cmTC_daef1 
CMakeFiles/cmTC_daef1.dir/CheckSymbolExists.c.o: In function `main':
CheckSymbolExists.c:(.text+0x1b): undefined reference to `pthread_create'
collect2: error: ld returned 1 exit status
CMakeFiles/cmTC_daef1.dir/build.make:97: recipe for target 'cmTC_daef1' failed
make[1]: *** [cmTC_daef1] Error 1
make[1]: Leaving directory '/home/ratouney/RatLib/cmake-build-debug/CMakeFiles/CMakeTmp'
Makefile:126: recipe for target 'cmTC_daef1/fast' failed
make: *** [cmTC_daef1/fast] Error 2

File /home/ratouney/RatLib/cmake-build-debug/CMakeFiles/CMakeTmp/CheckSymbolExists.c:
/* */
#include <pthread.h>

int main(int argc, char** argv)
{
  (void)argv;
#ifndef pthread_create
  return ((int*)(&pthread_create))[argc];
#else
  (void)argc;
  return 0;
#endif
}

Determining if the function pthread_create exists in the pthreads failed with the following output:
Change Dir: /home/ratouney/RatLib/cmake-build-debug/CMakeFiles/CMakeTmp

Run Build Command:"/usr/bin/make" "cmTC_4422a/fast"
/usr/bin/make -f CMakeFiles/cmTC_4422a.dir/build.make CMakeFiles/cmTC_4422a.dir/build
make[1]: Entering directory '/home/ratouney/RatLib/cmake-build-debug/CMakeFiles/CMakeTmp'
Building C object CMakeFiles/cmTC_4422a.dir/CheckFunctionExists.c.o
/usr/bin/cc   -DCHECK_FUNCTION_EXISTS=pthread_create   -o CMakeFiles/cmTC_4422a.dir/CheckFunctionExists.c.o   -c /home/ratouney/Downloads/clion-2018.1.6/bin/cmake/share/cmake-3.10/Modules/CheckFunctionExists.c
Linking C executable cmTC_4422a
/home/ratouney/Downloads/clion-2018.1.6/bin/cmake/bin/cmake -E cmake_link_script CMakeFiles/cmTC_4422a.dir/link.txt --verbose=1
/usr/bin/cc  -DCHECK_FUNCTION_EXISTS=pthread_create    CMakeFiles/cmTC_4422a.dir/CheckFunctionExists.c.o  -o cmTC_4422a -lpthreads 
/usr/bin/ld: cannot find -lpthreads
collect2: error: ld returned 1 exit status
CMakeFiles/cmTC_4422a.dir/build.make:97: recipe for target 'cmTC_4422a' failed
make[1]: *** [cmTC_4422a] Error 1
make[1]: Leaving directory '/home/ratouney/RatLib/cmake-build-debug/CMakeFiles/CMakeTmp'
Makefile:126: recipe for target 'cmTC_4422a/fast' failed
make: *** [cmTC_4422a/fast] Error 2


